<?xml version="1.0" encoding="UTF-8"?>
<!-- Generated by org.testng.reporters.JUnitReportReporter -->
<testsuite hostname="DESKTOP-6E13JVC" failures="0" tests="1" name="com.java.selenium.HandlingFrames" time="10.846" errors="0" timestamp="2023-01-04T20:11:40 IST" skipped="0">
  <testcase classname="com.java.selenium.HandlingFrames" name="frame" time="10.846"/>
  <system-out/>
</testsuite> <!-- com.java.selenium.HandlingFrames -->
