<?xml version="1.0" encoding="UTF-8"?>
<!-- Generated by org.testng.reporters.JUnitReportReporter -->
<testsuite hostname="DESKTOP-6E13JVC" failures="0" tests="3" name="com.java.selenium.VerifyHomePageDisplayed" time="65.629" errors="0" timestamp="2023-01-04T16:32:38 IST" skipped="0">
  <testcase classname="com.java.selenium.VerifyHomePageDisplayed" name="verifyHomePageUsingUniqueElement" time="28.474"/>
  <system-out/>
  <testcase classname="com.java.selenium.VerifyHomePageDisplayed" name="verifyHomePageUsingCurrentUrl" time="21.103"/>
  <system-out/>
  <testcase classname="com.java.selenium.VerifyHomePageDisplayed" name="expectedTitleResult" time="16.052"/>
  <system-out/>
</testsuite> <!-- com.java.selenium.VerifyHomePageDisplayed -->
