<?xml version="1.0" encoding="UTF-8"?>
<!-- Generated by org.testng.reporters.JUnitReportReporter -->
<testsuite hostname="DESKTOP-6E13JVC" failures="0" tests="1" name="com.java.selenium.ListBoxTest" time="2.660" errors="0" timestamp="2023-01-04T19:52:44 IST" skipped="0">
  <testcase classname="com.java.selenium.ListBoxTest" name="checklistHasDuplicateValuesHashSet" time="2.660"/>
  <system-out/>
</testsuite> <!-- com.java.selenium.ListBoxTest -->
