<?xml version="1.0" encoding="UTF-8"?>
<!-- Generated by org.testng.reporters.JUnitReportReporter -->
<testsuite hostname="DESKTOP-6E13JVC" failures="0" tests="1" name="com.java.selenium.Keyboard_Mouse_Operations" time="37.210" errors="0" timestamp="2023-01-04T16:15:31 IST" skipped="0">
  <testcase classname="com.java.selenium.Keyboard_Mouse_Operations" name="mouseAndKeyboard" time="37.210"/>
  <system-out/>
</testsuite> <!-- com.java.selenium.Keyboard_Mouse_Operations -->
