<?xml version="1.0" encoding="UTF-8"?>
<!-- Generated by org.testng.reporters.JUnitReportReporter -->
<testsuite hostname="DESKTOP-6E13JVC" failures="0" tests="1" name="com.java.selenium.UpcastingToWebDriver_LaunchBrowser" time="37.039" errors="0" timestamp="2023-01-04T19:54:45 IST" skipped="0">
  <testcase classname="com.java.selenium.UpcastingToWebDriver_LaunchBrowser" name="launchBrowser" time="37.039"/>
  <system-out/>
</testsuite> <!-- com.java.selenium.UpcastingToWebDriver_LaunchBrowser -->
