<?xml version="1.0" encoding="UTF-8"?>
<!-- Generated by org.testng.reporters.JUnitReportReporter -->
<testsuite hostname="DESKTOP-6E13JVC" failures="0" tests="1" name="com.java.selenium.WebTableTest" time="3.167" errors="0" timestamp="2023-01-04T19:44:03 IST" skipped="0">
  <testcase classname="com.java.selenium.WebTableTest" name="web_Table" time="3.167"/>
  <system-out/>
</testsuite> <!-- com.java.selenium.WebTableTest -->
