<?xml version="1.0" encoding="UTF-8"?>
<!-- Generated by org.testng.reporters.JUnitReportReporter -->
<testsuite hostname="DESKTOP-6E13JVC" failures="0" tests="1" name="com.java.selenium.FindElementsTest" time="15.329" errors="0" timestamp="2023-01-04T20:10:27 IST" skipped="0">
  <testcase classname="com.java.selenium.FindElementsTest" name="findElements_ExampleTest" time="15.329"/>
  <system-out/>
</testsuite> <!-- com.java.selenium.FindElementsTest -->
