<?xml version="1.0" encoding="UTF-8"?>
<!-- Generated by org.testng.reporters.JUnitReportReporter -->
<testsuite hostname="DESKTOP-6E13JVC" failures="0" tests="1" name="com.java.selenium.ActionsClassMethods" time="7.002" errors="0" timestamp="2023-01-04T15:57:11 IST" skipped="0">
  <testcase classname="com.java.selenium.ActionsClassMethods" name="dragAndDropbyOffset" time="7.002"/>
  <system-out/>
</testsuite> <!-- com.java.selenium.ActionsClassMethods -->
