<?xml version="1.0" encoding="UTF-8"?>
<!-- Generated by org.testng.reporters.JUnitReportReporter -->
<testsuite hostname="DESKTOP-6E13JVC" failures="0" tests="1" name="com.java.selenium.User_Input" time="86.878" errors="0" timestamp="2023-01-04T16:28:11 IST" skipped="0">
  <testcase classname="com.java.selenium.User_Input" name="Alert_Promptpopup" time="86.878"/>
  <system-out/>
</testsuite> <!-- com.java.selenium.User_Input -->
