<?xml version="1.0" encoding="UTF-8"?>
<!-- Generated by org.testng.reporters.JUnitReportReporter -->
<testsuite hostname="DESKTOP-6E13JVC" failures="0" tests="1" name="com.java.selenium.File_Download_Test" time="21.652" errors="0" timestamp="2023-01-04T20:01:43 IST" skipped="0">
  <testcase classname="com.java.selenium.File_Download_Test" name="fileDownloadWithFirefox" time="21.652"/>
  <system-out/>
</testsuite> <!-- com.java.selenium.File_Download_Test -->
