<?xml version="1.0" encoding="UTF-8"?>
<!-- Generated by org.testng.reporters.JUnitReportReporter -->
<testsuite hostname="DESKTOP-6E13JVC" failures="0" tests="1" name="com.java.selenium.ActiTimeLink" time="33.649" errors="0" timestamp="2023-01-04T16:01:13 IST" skipped="0">
  <testcase classname="com.java.selenium.ActiTimeLink" name="login" time="33.649"/>
  <system-out/>
</testsuite> <!-- com.java.selenium.ActiTimeLink -->
