<?xml version="1.0" encoding="UTF-8"?>
<!-- Generated by org.testng.reporters.JUnitReportReporter -->
<testsuite hostname="DESKTOP-6E13JVC" failures="0" tests="1" name="com.java.selenium.CaptureScreenShot" time="47.686" errors="0" timestamp="2023-01-04T20:20:03 IST" skipped="0">
  <testcase classname="com.java.selenium.CaptureScreenShot" name="takeScreenShot" time="47.686"/>
  <system-out/>
</testsuite> <!-- com.java.selenium.CaptureScreenShot -->
